<?xml version="1.0" encoding="UTF-8" ?>
<testsuite failures="0" time="0.026" errors="0" skipped="0" tests="5" name="SocketServer.SocketServerTest">
  <properties>
[...]
</properties>
  <testcase time="0.001" classname="SocketServer.SocketServerTest" name="stopDoesNotThrowAnExceptionIfCalledBeforeStart"/>
  <testcase time="0.013" classname="SocketServer.SocketServerTest" name="serverPortIsTakenAfterStartingTheServer"/>
  <testcase time="0" classname="SocketServer.SocketServerTest" name="serverPortIsAvailableAfterTheServerIsStopped"/>
  <testcase time="0.007" classname="SocketServer.SocketServerTest" name="serverCallsTheDispatcherAfterReceivingARequest"/>
  <testcase time="0.001" classname="SocketServer.SocketServerTest" name="serverDoesNotCallTheDispatcherAfterStopping"/>
</testsuite>